Symbol range map extraction starting
Processing 20 files
startProcessing "com/nickb/frcmod/Enitity/Dean/Dean.java" md5: 725fcf2e20be1fc0b1543a4fffb79b8d
Cache Hit!
endProcessing "com/nickb/frcmod/Enitity/Dean/Dean.java"

startProcessing "com/nickb/frcmod/Enitity/Dean/RenderDean.java" md5: 510eeb6bb52ae1c424a3721c07bfd9d8
Cache Hit!
endProcessing "com/nickb/frcmod/Enitity/Dean/RenderDean.java"

startProcessing "com/nickb/frcmod/Enitity/RegisterEntity.java" md5: c64d2d2c75416361bb14ec1fbeb1d485
Cache Hit!
endProcessing "com/nickb/frcmod/Enitity/RegisterEntity.java"

startProcessing "com/nickb/frcmod/Enitity/Robot/RenderRobot.java" md5: b9e1b626eb8eb03dc50f125fbb6ccd65
Cache Hit!
endProcessing "com/nickb/frcmod/Enitity/Robot/RenderRobot.java"

startProcessing "com/nickb/frcmod/Enitity/Robot/entityRobot.java" md5: 0d9da0488d276ae8522addb0113a7fe4
Cache Hit!
endProcessing "com/nickb/frcmod/Enitity/Robot/entityRobot.java"

startProcessing "com/nickb/frcmod/Enitity/Robot/robot.java" md5: fe91a5d86a6d0d77945f9178e7611e05
Cache Hit!
endProcessing "com/nickb/frcmod/Enitity/Robot/robot.java"

startProcessing "com/nickb/frcmod/Events/Robobuilderevent.java" md5: cb2c827ff9ae0d0a2abb0f872b36fedc
Cache Hit!
endProcessing "com/nickb/frcmod/Events/Robobuilderevent.java"

startProcessing "com/nickb/frcmod/Events/robotclickevent.java" md5: c0613bd88993f9b76b8c59c9e5fc9d3a
Cache Hit!
endProcessing "com/nickb/frcmod/Events/robotclickevent.java"

startProcessing "com/nickb/frcmod/Gui/GameScreenbase.java" md5: d41d8cd98f00b204e9800998ecf8427e
Cache Hit!
endProcessing "com/nickb/frcmod/Gui/GameScreenbase.java"

startProcessing "com/nickb/frcmod/Tabs/Tabs.java" md5: fb5faf11a8448159cd2fdc161ba2254a
Cache Hit!
endProcessing "com/nickb/frcmod/Tabs/Tabs.java"

startProcessing "com/nickb/frcmod/blocks/Blockbase.java" md5: f84b72d3bf4722d8ce601efd459c2885
Cache Hit!
endProcessing "com/nickb/frcmod/blocks/Blockbase.java"

startProcessing "com/nickb/frcmod/blocks/Blockore.java" md5: 3ad40cd372656e7ae63622b35a254be7
Cache Hit!
endProcessing "com/nickb/frcmod/blocks/Blockore.java"

startProcessing "com/nickb/frcmod/blocks/Registerblocks.java" md5: 1c18e675a36571144eff5730df2ef79d
Cache Hit!
endProcessing "com/nickb/frcmod/blocks/Registerblocks.java"

startProcessing "com/nickb/frcmod/blocks/Robotbuilder.java" md5: 4ac87495630a49ee5c8a86745f9cd663
Cache Hit!
endProcessing "com/nickb/frcmod/blocks/Robotbuilder.java"

startProcessing "com/nickb/frcmod/items/ItemBase.java" md5: 175b9ecd07590114e9907a38b4b04e4f
Cache Hit!
endProcessing "com/nickb/frcmod/items/ItemBase.java"

startProcessing "com/nickb/frcmod/items/RegisterItems.java" md5: 3eab8f369f1e103325008fd7cf9d6d92
Cache Hit!
endProcessing "com/nickb/frcmod/items/RegisterItems.java"

startProcessing "com/nickb/frcmod/main.java" md5: a8e4add9b93aefb399e36f0a74d7db5e
Cache Hit!
endProcessing "com/nickb/frcmod/main.java"

startProcessing "com/nickb/frcmod/proxy/Clientproxy.java" md5: 929d3b7aaef2431f0696c452824de064
Cache Hit!
endProcessing "com/nickb/frcmod/proxy/Clientproxy.java"

startProcessing "com/nickb/frcmod/proxy/Commonproxy.java" md5: 0cc7833f63ea1437389bd0563e9e1b52
Cache Hit!
endProcessing "com/nickb/frcmod/proxy/Commonproxy.java"

startProcessing "com/nickb/frcmod/proxy/Serverproxy.java" md5: c04e014f1c27417af2d539a48ea8cb93
Cache Hit!
endProcessing "com/nickb/frcmod/proxy/Serverproxy.java"

