java.net.SocketException: Connection resetjava.net.SocketException: Connection reset

	at java.net.SocketInputStream.read(SocketInputStream.java:210)	at java.net.SocketInputStream.read(SocketInputStream.java:210)

	at java.net.SocketInputStream.read(SocketInputStream.java:141)	at java.net.SocketInputStream.read(SocketInputStream.java:141)

	at sun.security.ssl.InputRecord.readFully(InputRecord.java:465)	at sun.security.ssl.InputRecord.readFully(InputRecord.java:465)

	at sun.security.ssl.InputRecord.read(InputRecord.java:503)	at sun.security.ssl.InputRecord.read(InputRecord.java:503)

	at sun.security.ssl.SSLSocketImpl.readRecord(SSLSocketImpl.java:975)	at sun.security.ssl.SSLSocketImpl.readRecord(SSLSocketImpl.java:975)

	at sun.security.ssl.SSLSocketImpl.performInitialHandshake(SSLSocketImpl.java:1367)	at sun.security.ssl.SSLSocketImpl.performInitialHandshake(SSLSocketImpl.java:1367)

	at sun.security.ssl.SSLSocketImpl.startHandshake(SSLSocketImpl.java:1395)	at sun.security.ssl.SSLSocketImpl.startHandshake(SSLSocketImpl.java:1395)

	at sun.security.ssl.SSLSocketImpl.startHandshake(SSLSocketImpl.java:1379)	at sun.security.ssl.SSLSocketImpl.startHandshake(SSLSocketImpl.java:1379)

	at sun.net.www.protocol.https.HttpsClient.afterConnect(HttpsClient.java:559)	at sun.net.www.protocol.https.HttpsClient.afterConnect(HttpsClient.java:559)

	at sun.net.www.protocol.https.AbstractDelegateHttpsURLConnection.connect(AbstractDelegateHttpsURLConnection.java:185)	at sun.net.www.protocol.https.AbstractDelegateHttpsURLConnection.connect(AbstractDelegateHttpsURLConnection.java:185)

	at sun.net.www.protocol.https.HttpsURLConnectionImpl.connect(HttpsURLConnectionImpl.java:162)	at sun.net.www.protocol.https.HttpsURLConnectionImpl.connect(HttpsURLConnectionImpl.java:162)

	at net.minecraftforge.gradle.common.BasePlugin.getWithEtag(BasePlugin.java:723)	at net.minecraftforge.gradle.common.BasePlugin.getWithEtag(BasePlugin.java:723)

	at net.minecraftforge.gradle.common.BasePlugin.getRemoteJsons(BasePlugin.java:226)	at net.minecraftforge.gradle.common.BasePlugin.getRemoteJsons(BasePlugin.java:226)

	at net.minecraftforge.gradle.common.BasePlugin.apply(BasePlugin.java:182)	at net.minecraftforge.gradle.common.BasePlugin.apply(BasePlugin.java:182)

	at net.minecraftforge.gradle.common.BasePlugin.apply(BasePlugin.java:91)	at net.minecraftforge.gradle.common.BasePlugin.apply(BasePlugin.java:91)

	at org.gradle.api.internal.plugins.ImperativeOnlyPluginApplicator.applyImperative(ImperativeOnlyPluginApplicator.java:35)	at org.gradle.api.internal.plugins.ImperativeOnlyPluginApplicator.applyImperative(ImperativeOnlyPluginApplicator.java:35)

	at org.gradle.api.internal.plugins.RuleBasedPluginApplicator.applyImperative(RuleBasedPluginApplicator.java:43)	at org.gradle.api.internal.plugins.RuleBasedPluginApplicator.applyImperative(RuleBasedPluginApplicator.java:43)

	at org.gradle.api.internal.plugins.DefaultPluginManager.doApply(DefaultPluginManager.java:137)	at org.gradle.api.internal.plugins.DefaultPluginManager.doApply(DefaultPluginManager.java:137)

	at org.gradle.api.internal.plugins.DefaultPluginManager.apply(DefaultPluginManager.java:112)	at org.gradle.api.internal.plugins.DefaultPluginManager.apply(DefaultPluginManager.java:112)

	at org.gradle.api.internal.plugins.DefaultObjectConfigurationAction.applyType(DefaultObjectConfigurationAction.java:113)	at org.gradle.api.internal.plugins.DefaultObjectConfigurationAction.applyType(DefaultObjectConfigurationAction.java:113)

	at org.gradle.api.internal.plugins.DefaultObjectConfigurationAction.access$200(DefaultObjectConfigurationAction.java:36)	at org.gradle.api.internal.plugins.DefaultObjectConfigurationAction.access$200(DefaultObjectConfigurationAction.java:36)

	at org.gradle.api.internal.plugins.DefaultObjectConfigurationAction$3.run(DefaultObjectConfigurationAction.java:80)	at org.gradle.api.internal.plugins.DefaultObjectConfigurationAction$3.run(DefaultObjectConfigurationAction.java:80)

	at org.gradle.api.internal.plugins.DefaultObjectConfigurationAction.execute(DefaultObjectConfigurationAction.java:136)	at org.gradle.api.internal.plugins.DefaultObjectConfigurationAction.execute(DefaultObjectConfigurationAction.java:136)

	at org.gradle.api.internal.project.AbstractPluginAware.apply(AbstractPluginAware.java:46)	at org.gradle.api.internal.project.AbstractPluginAware.apply(AbstractPluginAware.java:46)

	at org.gradle.api.internal.project.ProjectScript.apply(ProjectScript.java:34)	at org.gradle.api.internal.project.ProjectScript.apply(ProjectScript.java:34)

	at org.gradle.api.Script$apply$0.callCurrent(Unknown Source)	at org.gradle.api.Script$apply$0.callCurrent(Unknown Source)

	at org.codehaus.groovy.runtime.callsite.CallSiteArray.defaultCallCurrent(CallSiteArray.java:52)	at org.codehaus.groovy.runtime.callsite.CallSiteArray.defaultCallCurrent(CallSiteArray.java:52)

	at org.codehaus.groovy.runtime.callsite.AbstractCallSite.callCurrent(AbstractCallSite.java:154)	at org.codehaus.groovy.runtime.callsite.AbstractCallSite.callCurrent(AbstractCallSite.java:154)

	at org.codehaus.groovy.runtime.callsite.AbstractCallSite.callCurrent(AbstractCallSite.java:166)	at org.codehaus.groovy.runtime.callsite.AbstractCallSite.callCurrent(AbstractCallSite.java:166)

	at build_jq6bhz63kui36r6c4ymb9aoo.run(/home/nickthehacker/Documents/F.I.R.S.T-mod-Mcpc-1.12.2/build.gradle:10)	at build_jq6bhz63kui36r6c4ymb9aoo.run(/home/nickthehacker/Documents/F.I.R.S.T-mod-Mcpc-1.12.2/build.gradle:10)

	at org.gradle.groovy.scripts.internal.DefaultScriptRunnerFactory$ScriptRunnerImpl.run(DefaultScriptRunnerFactory.java:91)	at org.gradle.groovy.scripts.internal.DefaultScriptRunnerFactory$ScriptRunnerImpl.run(DefaultScriptRunnerFactory.java:91)

	at org.gradle.configuration.DefaultScriptPluginFactory$ScriptPluginImpl$2.run(DefaultScriptPluginFactory.java:177)	at org.gradle.configuration.DefaultScriptPluginFactory$ScriptPluginImpl$2.run(DefaultScriptPluginFactory.java:177)

	at org.gradle.configuration.ProjectScriptTarget.addConfiguration(ProjectScriptTarget.java:77)	at org.gradle.configuration.ProjectScriptTarget.addConfiguration(ProjectScriptTarget.java:77)

	at org.gradle.configuration.DefaultScriptPluginFactory$ScriptPluginImpl.apply(DefaultScriptPluginFactory.java:182)	at org.gradle.configuration.DefaultScriptPluginFactory$ScriptPluginImpl.apply(DefaultScriptPluginFactory.java:182)

	at org.gradle.configuration.project.BuildScriptProcessor.execute(BuildScriptProcessor.java:38)	at org.gradle.configuration.project.BuildScriptProcessor.execute(BuildScriptProcessor.java:38)

	at org.gradle.configuration.project.BuildScriptProcessor.execute(BuildScriptProcessor.java:25)	at org.gradle.configuration.project.BuildScriptProcessor.execute(BuildScriptProcessor.java:25)

	at org.gradle.configuration.project.ConfigureActionsProjectEvaluator.evaluate(ConfigureActionsProjectEvaluator.java:34)	at org.gradle.configuration.project.ConfigureActionsProjectEvaluator.evaluate(ConfigureActionsProjectEvaluator.java:34)

	at org.gradle.configuration.project.LifecycleProjectEvaluator.evaluate(LifecycleProjectEvaluator.java:55)	at org.gradle.configuration.project.LifecycleProjectEvaluator.evaluate(LifecycleProjectEvaluator.java:55)

	at org.gradle.api.internal.project.AbstractProject.evaluate(AbstractProject.java:540)	at org.gradle.api.internal.project.AbstractProject.evaluate(AbstractProject.java:540)

	at org.gradle.api.internal.project.AbstractProject.evaluate(AbstractProject.java:93)	at org.gradle.api.internal.project.AbstractProject.evaluate(AbstractProject.java:93)

	at org.gradle.execution.TaskPathProjectEvaluator.configureHierarchy(TaskPathProjectEvaluator.java:42)	at org.gradle.execution.TaskPathProjectEvaluator.configureHierarchy(TaskPathProjectEvaluator.java:42)

	at org.gradle.configuration.DefaultBuildConfigurer.configure(DefaultBuildConfigurer.java:35)	at org.gradle.configuration.DefaultBuildConfigurer.configure(DefaultBuildConfigurer.java:35)

	at org.gradle.initialization.DefaultGradleLauncher$2.run(DefaultGradleLauncher.java:124)	at org.gradle.initialization.DefaultGradleLauncher$2.run(DefaultGradleLauncher.java:124)

	at org.gradle.internal.Factories$1.create(Factories.java:22)	at org.gradle.internal.Factories$1.create(Factories.java:22)

	at org.gradle.internal.progress.DefaultBuildOperationExecutor.run(DefaultBuildOperationExecutor.java:91)	at org.gradle.internal.progress.DefaultBuildOperationExecutor.run(DefaultBuildOperationExecutor.java:91)

	at org.gradle.internal.progress.DefaultBuildOperationExecutor.run(DefaultBuildOperationExecutor.java:53)	at org.gradle.internal.progress.DefaultBuildOperationExecutor.run(DefaultBuildOperationExecutor.java:53)

	at org.gradle.initialization.DefaultGradleLauncher.doBuildStages(DefaultGradleLauncher.java:121)	at org.gradle.initialization.DefaultGradleLauncher.doBuildStages(DefaultGradleLauncher.java:121)

	at org.gradle.initialization.DefaultGradleLauncher.access$200(DefaultGradleLauncher.java:32)	at org.gradle.initialization.DefaultGradleLauncher.access$200(DefaultGradleLauncher.java:32)

	at org.gradle.initialization.DefaultGradleLauncher$1.create(DefaultGradleLauncher.java:98)	at org.gradle.initialization.DefaultGradleLauncher$1.create(DefaultGradleLauncher.java:98)

	at org.gradle.initialization.DefaultGradleLauncher$1.create(DefaultGradleLauncher.java:92)	at org.gradle.initialization.DefaultGradleLauncher$1.create(DefaultGradleLauncher.java:92)

	at org.gradle.internal.progress.DefaultBuildOperationExecutor.run(DefaultBuildOperationExecutor.java:91)	at org.gradle.internal.progress.DefaultBuildOperationExecutor.run(DefaultBuildOperationExecutor.java:91)

	at org.gradle.internal.progress.DefaultBuildOperationExecutor.run(DefaultBuildOperationExecutor.java:63)	at org.gradle.internal.progress.DefaultBuildOperationExecutor.run(DefaultBuildOperationExecutor.java:63)

	at org.gradle.initialization.DefaultGradleLauncher.doBuild(DefaultGradleLauncher.java:92)	at org.gradle.initialization.DefaultGradleLauncher.doBuild(DefaultGradleLauncher.java:92)

	at org.gradle.initialization.DefaultGradleLauncher.run(DefaultGradleLauncher.java:83)	at org.gradle.initialization.DefaultGradleLauncher.run(DefaultGradleLauncher.java:83)

	at org.gradle.launcher.exec.InProcessBuildActionExecuter$DefaultBuildController.run(InProcessBuildActionExecuter.java:99)	at org.gradle.launcher.exec.InProcessBuildActionExecuter$DefaultBuildController.run(InProcessBuildActionExecuter.java:99)

	at org.gradle.tooling.internal.provider.ExecuteBuildActionRunner.run(ExecuteBuildActionRunner.java:28)	at org.gradle.tooling.internal.provider.ExecuteBuildActionRunner.run(ExecuteBuildActionRunner.java:28)

	at org.gradle.launcher.exec.ChainingBuildActionRunner.run(ChainingBuildActionRunner.java:35)	at org.gradle.launcher.exec.ChainingBuildActionRunner.run(ChainingBuildActionRunner.java:35)

	at org.gradle.launcher.exec.InProcessBuildActionExecuter.execute(InProcessBuildActionExecuter.java:48)	at org.gradle.launcher.exec.InProcessBuildActionExecuter.execute(InProcessBuildActionExecuter.java:48)

	at org.gradle.launcher.exec.InProcessBuildActionExecuter.execute(InProcessBuildActionExecuter.java:30)	at org.gradle.launcher.exec.InProcessBuildActionExecuter.execute(InProcessBuildActionExecuter.java:30)

	at org.gradle.launcher.exec.ContinuousBuildActionExecuter.execute(ContinuousBuildActionExecuter.java:81)	at org.gradle.launcher.exec.ContinuousBuildActionExecuter.execute(ContinuousBuildActionExecuter.java:81)

	at org.gradle.launcher.exec.ContinuousBuildActionExecuter.execute(ContinuousBuildActionExecuter.java:46)	at org.gradle.launcher.exec.ContinuousBuildActionExecuter.execute(ContinuousBuildActionExecuter.java:46)

	at org.gradle.launcher.exec.DaemonUsageSuggestingBuildActionExecuter.execute(DaemonUsageSuggestingBuildActionExecuter.java:51)	at org.gradle.launcher.exec.DaemonUsageSuggestingBuildActionExecuter.execute(DaemonUsageSuggestingBuildActionExecuter.java:51)

	at org.gradle.launcher.exec.DaemonUsageSuggestingBuildActionExecuter.execute(DaemonUsageSuggestingBuildActionExecuter.java:28)	at org.gradle.launcher.exec.DaemonUsageSuggestingBuildActionExecuter.execute(DaemonUsageSuggestingBuildActionExecuter.java:28)

	at org.gradle.launcher.cli.RunBuildAction.run(RunBuildAction.java:43)	at org.gradle.launcher.cli.RunBuildAction.run(RunBuildAction.java:43)

	at org.gradle.internal.Actions$RunnableActionAdapter.execute(Actions.java:173)	at org.gradle.internal.Actions$RunnableActionAdapter.execute(Actions.java:173)

	at org.gradle.launcher.cli.CommandLineActionFactory$ParseAndBuildAction.execute(CommandLineActionFactory.java:239)	at org.gradle.launcher.cli.CommandLineActionFactory$ParseAndBuildAction.execute(CommandLineActionFactory.java:239)

	at org.gradle.launcher.cli.CommandLineActionFactory$ParseAndBuildAction.execute(CommandLineActionFactory.java:212)	at org.gradle.launcher.cli.CommandLineActionFactory$ParseAndBuildAction.execute(CommandLineActionFactory.java:212)

	at org.gradle.launcher.cli.JavaRuntimeValidationAction.execute(JavaRuntimeValidationAction.java:35)	at org.gradle.launcher.cli.JavaRuntimeValidationAction.execute(JavaRuntimeValidationAction.java:35)

	at org.gradle.launcher.cli.JavaRuntimeValidationAction.execute(JavaRuntimeValidationAction.java:24)	at org.gradle.launcher.cli.JavaRuntimeValidationAction.execute(JavaRuntimeValidationAction.java:24)

	at org.gradle.launcher.cli.ExceptionReportingAction.execute(ExceptionReportingAction.java:33)	at org.gradle.launcher.cli.ExceptionReportingAction.execute(ExceptionReportingAction.java:33)

	at org.gradle.launcher.cli.ExceptionReportingAction.execute(ExceptionReportingAction.java:22)	at org.gradle.launcher.cli.ExceptionReportingAction.execute(ExceptionReportingAction.java:22)

	at org.gradle.launcher.cli.CommandLineActionFactory$WithLogging.execute(CommandLineActionFactory.java:205)	at org.gradle.launcher.cli.CommandLineActionFactory$WithLogging.execute(CommandLineActionFactory.java:205)

	at org.gradle.launcher.cli.CommandLineActionFactory$WithLogging.execute(CommandLineActionFactory.java:169)	at org.gradle.launcher.cli.CommandLineActionFactory$WithLogging.execute(CommandLineActionFactory.java:169)

	at org.gradle.launcher.Main.doAction(Main.java:33)	at org.gradle.launcher.Main.doAction(Main.java:33)

	at org.gradle.launcher.bootstrap.EntryPoint.run(EntryPoint.java:45)	at org.gradle.launcher.bootstrap.EntryPoint.run(EntryPoint.java:45)

	at sun.reflect.NativeMethodAccessorImpl.invoke0(Native Method)	at sun.reflect.NativeMethodAccessorImpl.invoke0(Native Method)

	at sun.reflect.NativeMethodAccessorImpl.invoke(NativeMethodAccessorImpl.java:62)	at sun.reflect.NativeMethodAccessorImpl.invoke(NativeMethodAccessorImpl.java:62)

	at sun.reflect.DelegatingMethodAccessorImpl.invoke(DelegatingMethodAccessorImpl.java:43)	at sun.reflect.DelegatingMethodAccessorImpl.invoke(DelegatingMethodAccessorImpl.java:43)

	at java.lang.reflect.Method.invoke(Method.java:498)	at java.lang.reflect.Method.invoke(Method.java:498)

	at org.gradle.launcher.bootstrap.ProcessBootstrap.runNoExit(ProcessBootstrap.java:55)	at org.gradle.launcher.bootstrap.ProcessBootstrap.runNoExit(ProcessBootstrap.java:55)

	at org.gradle.launcher.bootstrap.ProcessBootstrap.run(ProcessBootstrap.java:36)	at org.gradle.launcher.bootstrap.ProcessBootstrap.run(ProcessBootstrap.java:36)

	at org.gradle.launcher.GradleMain.main(GradleMain.java:23)	at org.gradle.launcher.GradleMain.main(GradleMain.java:23)

	at sun.reflect.NativeMethodAccessorImpl.invoke0(Native Method)	at sun.reflect.NativeMethodAccessorImpl.invoke0(Native Method)

	at sun.reflect.NativeMethodAccessorImpl.invoke(NativeMethodAccessorImpl.java:62)	at sun.reflect.NativeMethodAccessorImpl.invoke(NativeMethodAccessorImpl.java:62)

	at sun.reflect.DelegatingMethodAccessorImpl.invoke(DelegatingMethodAccessorImpl.java:43)	at sun.reflect.DelegatingMethodAccessorImpl.invoke(DelegatingMethodAccessorImpl.java:43)

	at java.lang.reflect.Method.invoke(Method.java:498)	at java.lang.reflect.Method.invoke(Method.java:498)

	at org.gradle.wrapper.BootstrapMainStarter.start(BootstrapMainStarter.java:30)	at org.gradle.wrapper.BootstrapMainStarter.start(BootstrapMainStarter.java:30)

	at org.gradle.wrapper.WrapperExecutor.execute(WrapperExecutor.java:127)	at org.gradle.wrapper.WrapperExecutor.execute(WrapperExecutor.java:127)

	at org.gradle.wrapper.GradleWrapperMain.main(GradleWrapperMain.java:61)	at org.gradle.wrapper.GradleWrapperMain.main(GradleWrapperMain.java:61)

java.net.SocketException: Connection resetjava.net.SocketException: Connection reset

	at java.net.SocketInputStream.read(SocketInputStream.java:210)	at java.net.SocketInputStream.read(SocketInputStream.java:210)

	at java.net.SocketInputStream.read(SocketInputStream.java:141)	at java.net.SocketInputStream.read(SocketInputStream.java:141)

	at sun.security.ssl.InputRecord.readFully(InputRecord.java:465)	at sun.security.ssl.InputRecord.readFully(InputRecord.java:465)

	at sun.security.ssl.InputRecord.read(InputRecord.java:503)	at sun.security.ssl.InputRecord.read(InputRecord.java:503)

	at sun.security.ssl.SSLSocketImpl.readRecord(SSLSocketImpl.java:975)	at sun.security.ssl.SSLSocketImpl.readRecord(SSLSocketImpl.java:975)

	at sun.security.ssl.SSLSocketImpl.performInitialHandshake(SSLSocketImpl.java:1367)	at sun.security.ssl.SSLSocketImpl.performInitialHandshake(SSLSocketImpl.java:1367)

	at sun.security.ssl.SSLSocketImpl.startHandshake(SSLSocketImpl.java:1395)	at sun.security.ssl.SSLSocketImpl.startHandshake(SSLSocketImpl.java:1395)

	at sun.security.ssl.SSLSocketImpl.startHandshake(SSLSocketImpl.java:1379)	at sun.security.ssl.SSLSocketImpl.startHandshake(SSLSocketImpl.java:1379)

	at sun.net.www.protocol.https.HttpsClient.afterConnect(HttpsClient.java:559)	at sun.net.www.protocol.https.HttpsClient.afterConnect(HttpsClient.java:559)

	at sun.net.www.protocol.https.AbstractDelegateHttpsURLConnection.connect(AbstractDelegateHttpsURLConnection.java:185)	at sun.net.www.protocol.https.AbstractDelegateHttpsURLConnection.connect(AbstractDelegateHttpsURLConnection.java:185)

	at sun.net.www.protocol.https.HttpsURLConnectionImpl.connect(HttpsURLConnectionImpl.java:162)	at sun.net.www.protocol.https.HttpsURLConnectionImpl.connect(HttpsURLConnectionImpl.java:162)

	at net.minecraftforge.gradle.common.BasePlugin.getWithEtag(BasePlugin.java:723)	at net.minecraftforge.gradle.common.BasePlugin.getWithEtag(BasePlugin.java:723)

	at net.minecraftforge.gradle.common.BasePlugin.getWithEtag(BasePlugin.java:684)	at net.minecraftforge.gradle.common.BasePlugin.getWithEtag(BasePlugin.java:684)

	at net.minecraftforge.gradle.common.BasePlugin.getRemoteJsons(BasePlugin.java:232)	at net.minecraftforge.gradle.common.BasePlugin.getRemoteJsons(BasePlugin.java:232)

	at net.minecraftforge.gradle.common.BasePlugin.apply(BasePlugin.java:182)	at net.minecraftforge.gradle.common.BasePlugin.apply(BasePlugin.java:182)

	at net.minecraftforge.gradle.common.BasePlugin.apply(BasePlugin.java:91)	at net.minecraftforge.gradle.common.BasePlugin.apply(BasePlugin.java:91)

	at org.gradle.api.internal.plugins.ImperativeOnlyPluginApplicator.applyImperative(ImperativeOnlyPluginApplicator.java:35)	at org.gradle.api.internal.plugins.ImperativeOnlyPluginApplicator.applyImperative(ImperativeOnlyPluginApplicator.java:35)

	at org.gradle.api.internal.plugins.RuleBasedPluginApplicator.applyImperative(RuleBasedPluginApplicator.java:43)	at org.gradle.api.internal.plugins.RuleBasedPluginApplicator.applyImperative(RuleBasedPluginApplicator.java:43)

	at org.gradle.api.internal.plugins.DefaultPluginManager.doApply(DefaultPluginManager.java:137)	at org.gradle.api.internal.plugins.DefaultPluginManager.doApply(DefaultPluginManager.java:137)

	at org.gradle.api.internal.plugins.DefaultPluginManager.apply(DefaultPluginManager.java:112)	at org.gradle.api.internal.plugins.DefaultPluginManager.apply(DefaultPluginManager.java:112)

	at org.gradle.api.internal.plugins.DefaultObjectConfigurationAction.applyType(DefaultObjectConfigurationAction.java:113)	at org.gradle.api.internal.plugins.DefaultObjectConfigurationAction.applyType(DefaultObjectConfigurationAction.java:113)

	at org.gradle.api.internal.plugins.DefaultObjectConfigurationAction.access$200(DefaultObjectConfigurationAction.java:36)	at org.gradle.api.internal.plugins.DefaultObjectConfigurationAction.access$200(DefaultObjectConfigurationAction.java:36)

	at org.gradle.api.internal.plugins.DefaultObjectConfigurationAction$3.run(DefaultObjectConfigurationAction.java:80)	at org.gradle.api.internal.plugins.DefaultObjectConfigurationAction$3.run(DefaultObjectConfigurationAction.java:80)

	at org.gradle.api.internal.plugins.DefaultObjectConfigurationAction.execute(DefaultObjectConfigurationAction.java:136)	at org.gradle.api.internal.plugins.DefaultObjectConfigurationAction.execute(DefaultObjectConfigurationAction.java:136)

	at org.gradle.api.internal.project.AbstractPluginAware.apply(AbstractPluginAware.java:46)	at org.gradle.api.internal.project.AbstractPluginAware.apply(AbstractPluginAware.java:46)

	at org.gradle.api.internal.project.ProjectScript.apply(ProjectScript.java:34)	at org.gradle.api.internal.project.ProjectScript.apply(ProjectScript.java:34)

	at org.gradle.api.Script$apply$0.callCurrent(Unknown Source)	at org.gradle.api.Script$apply$0.callCurrent(Unknown Source)

	at org.codehaus.groovy.runtime.callsite.CallSiteArray.defaultCallCurrent(CallSiteArray.java:52)	at org.codehaus.groovy.runtime.callsite.CallSiteArray.defaultCallCurrent(CallSiteArray.java:52)

	at org.codehaus.groovy.runtime.callsite.AbstractCallSite.callCurrent(AbstractCallSite.java:154)	at org.codehaus.groovy.runtime.callsite.AbstractCallSite.callCurrent(AbstractCallSite.java:154)

	at org.codehaus.groovy.runtime.callsite.AbstractCallSite.callCurrent(AbstractCallSite.java:166)	at org.codehaus.groovy.runtime.callsite.AbstractCallSite.callCurrent(AbstractCallSite.java:166)

	at build_jq6bhz63kui36r6c4ymb9aoo.run(/home/nickthehacker/Documents/F.I.R.S.T-mod-Mcpc-1.12.2/build.gradle:10)	at build_jq6bhz63kui36r6c4ymb9aoo.run(/home/nickthehacker/Documents/F.I.R.S.T-mod-Mcpc-1.12.2/build.gradle:10)

	at org.gradle.groovy.scripts.internal.DefaultScriptRunnerFactory$ScriptRunnerImpl.run(DefaultScriptRunnerFactory.java:91)	at org.gradle.groovy.scripts.internal.DefaultScriptRunnerFactory$ScriptRunnerImpl.run(DefaultScriptRunnerFactory.java:91)

	at org.gradle.configuration.DefaultScriptPluginFactory$ScriptPluginImpl$2.run(DefaultScriptPluginFactory.java:177)	at org.gradle.configuration.DefaultScriptPluginFactory$ScriptPluginImpl$2.run(DefaultScriptPluginFactory.java:177)

	at org.gradle.configuration.ProjectScriptTarget.addConfiguration(ProjectScriptTarget.java:77)	at org.gradle.configuration.ProjectScriptTarget.addConfiguration(ProjectScriptTarget.java:77)

	at org.gradle.configuration.DefaultScriptPluginFactory$ScriptPluginImpl.apply(DefaultScriptPluginFactory.java:182)	at org.gradle.configuration.DefaultScriptPluginFactory$ScriptPluginImpl.apply(DefaultScriptPluginFactory.java:182)

	at org.gradle.configuration.project.BuildScriptProcessor.execute(BuildScriptProcessor.java:38)	at org.gradle.configuration.project.BuildScriptProcessor.execute(BuildScriptProcessor.java:38)

	at org.gradle.configuration.project.BuildScriptProcessor.execute(BuildScriptProcessor.java:25)	at org.gradle.configuration.project.BuildScriptProcessor.execute(BuildScriptProcessor.java:25)

	at org.gradle.configuration.project.ConfigureActionsProjectEvaluator.evaluate(ConfigureActionsProjectEvaluator.java:34)	at org.gradle.configuration.project.ConfigureActionsProjectEvaluator.evaluate(ConfigureActionsProjectEvaluator.java:34)

	at org.gradle.configuration.project.LifecycleProjectEvaluator.evaluate(LifecycleProjectEvaluator.java:55)	at org.gradle.configuration.project.LifecycleProjectEvaluator.evaluate(LifecycleProjectEvaluator.java:55)

	at org.gradle.api.internal.project.AbstractProject.evaluate(AbstractProject.java:540)	at org.gradle.api.internal.project.AbstractProject.evaluate(AbstractProject.java:540)

	at org.gradle.api.internal.project.AbstractProject.evaluate(AbstractProject.java:93)	at org.gradle.api.internal.project.AbstractProject.evaluate(AbstractProject.java:93)

	at org.gradle.execution.TaskPathProjectEvaluator.configureHierarchy(TaskPathProjectEvaluator.java:42)	at org.gradle.execution.TaskPathProjectEvaluator.configureHierarchy(TaskPathProjectEvaluator.java:42)

	at org.gradle.configuration.DefaultBuildConfigurer.configure(DefaultBuildConfigurer.java:35)	at org.gradle.