[18:47:26] [main/INFO]: Extra: []
[18:47:26] [main/INFO]: Running with arguments: [--userProperties, {}, --assetsDir, /home/nickthehacker/.gradle/caches/minecraft/assets, --assetIndex, 1.12, --accessToken{REDACTED}, --version, 1.12.2, --tweakClass, net.minecraftforge.fml.common.launcher.FMLTweaker, --tweakClass, net.minecraftforge.gradle.tweakers.CoremodTweaker]
[18:47:26] [main/INFO]: Loading tweak class name net.minecraftforge.fml.common.launcher.FMLTweaker
[18:47:26] [main/INFO]: Using primary tweak class name net.minecraftforge.fml.common.launcher.FMLTweaker
[18:47:26] [main/INFO]: Loading tweak class name net.minecraftforge.gradle.tweakers.CoremodTweaker
[18:47:26] [main/INFO]: Calling tweak class net.minecraftforge.fml.common.launcher.FMLTweaker
[18:47:26] [main/INFO]: Forge Mod Loader version 14.23.5.2816 for Minecraft 1.12.2 loading
[18:47:26] [main/INFO]: Java is OpenJDK 64-Bit Server VM, version 1.8.0_191, running on Linux:amd64:4.18.0-15-generic, installed at /usr/lib/jvm/java-8-openjdk-amd64/jre
[18:47:26] [main/ERROR]: Apache Maven library folder was not in the format expected. Using default libraries directory.
[18:47:26] [main/ERROR]: Full: /home/nickthehacker/.gradle/caches/modules-2/files-2.1/org.apache.maven/maven-artifact/3.5.3/7dc72b6d6d8a6dced3d294ed54c2cc3515ade9f4/maven-artifact-3.5.3.jar
[18:47:26] [main/ERROR]: Trimmed: /home/nickthehacker/.gradle/caches/modules-2/files-2.1/org.apache.maven/maven-artifact/3.5.3/
[18:47:27] [main/INFO]: Managed to load a deobfuscated Minecraft name- we are in a deobfuscated environment. Skipping runtime deobfuscation
[18:47:27] [main/INFO]: Detected deobfuscated environment, loading log configs for colored console logs.
[18:47:27] [main/INFO] [FML]: Ignoring missing certificate for coremod FMLCorePlugin (net.minecraftforge.fml.relauncher.FMLCorePlugin), we are in deobf and it's a forge core plugininecraftFormatting
[18:47:27] [main/INFO] [FML]: Ignoring missing certificate for coremod FMLForgePlugin (net.minecraftforge.classloading.FMLForgePlugin), we are in deobf and it's a forge core plugininecraftFormatting
[18:47:27] [main/INFO] [FML]: Searching /home/nickthehacker/Documents/F.I.R.S.T-mod-Mcpc-1.12.2/run/./mods for modsinecraftFormatting
[18:47:27] [main/INFO] [LaunchWrapper]: Calling tweak class net.minecraftforge.gradle.tweakers.CoremodTweakerinecraftFormatting
[18:47:27] [main/INFO] [GradleStart]: Injecting location in coremod net.minecraftforge.fml.relauncher.FMLCorePlugininecraftFormatting
[18:47:27] [main/INFO] [GradleStart]: Injecting location in coremod net.minecraftforge.classloading.FMLForgePlugininecraftFormatting
[18:47:27] [main/INFO] [LaunchWrapper]: Loading tweak class name net.minecraftforge.fml.common.launcher.FMLInjectionAndSortingTweakerinecraftFormatting
[18:47:27] [main/INFO] [LaunchWrapper]: Loading tweak class name net.minecraftforge.fml.common.launcher.FMLDeobfTweakerinecraftFormatting
[18:47:27] [main/INFO] [LaunchWrapper]: Loading tweak class name net.minecraftforge.gradle.tweakers.AccessTransformerTweakerinecraftFormatting
[18:47:27] [main/INFO] [LaunchWrapper]: Calling tweak class net.minecraftforge.fml.common.launcher.FMLInjectionAndSortingTweakerinecraftFormatting
[18:47:27] [main/INFO] [LaunchWrapper]: Calling tweak class net.minecraftforge.fml.common.launcher.FMLInjectionAndSortingTweakerinecraftFormatting
[18:47:27] [main/INFO] [LaunchWrapper]: Calling tweak class net.minecraftforge.fml.relauncher.CoreModManager$FMLPluginWrapperinecraftFormatting
[18:47:30] [main/ERROR] [FML]: FML appears to be missing any signature data. This is not a good thinginecraftFormatting
[18:47:30] [main/INFO] [LaunchWrapper]: Calling tweak class net.minecraftforge.fml.relauncher.CoreModManager$FMLPluginWrapperinecraftFormatting
[18:47:30] [main/INFO] [LaunchWrapper]: Calling tweak class net.minecraftforge.fml.common.launcher.FMLDeobfTweakerinecraftFormatting
[18:47:30] [main/INFO] [LaunchWrapper]: Calling tweak class net.minecraftforge.gradle.tweakers.AccessTransformerTweakerinecraftFormatting
[18:47:30] [main/INFO] [LaunchWrapper]: Loading tweak class name net.minecraftforge.fml.common.launcher.TerminalTweakerinecraftFormatting
[18:47:30] [main/INFO] [LaunchWrapper]: Calling tweak class net.minecraftforge.fml.common.launcher.TerminalTweakerinecraftFormatting
[18:47:30] [main/INFO] [LaunchWrapper]: Launching wrapped minecraft {net.minecraft.client.main.Main}inecraftFormatting
[18:47:32] [Client thread/INFO] [net.minecraft.client.Minecraft]: Setting user: Player650inecraftFormatting
